# JRE version: OpenJDK Runtime Environment (8.0_152-b02) (build 1.8.0_152-release-1024-b02)
# Java VM: OpenJDK 64-Bit Server VM (25.152-b02 mixed mode windows-amd64 compressed oops)
Heap:
 PSYoungGen      total 196608K, used 164639K [0x00000000e0000000, 0x00000000ef180000, 0x0000000100000000)
  eden space 175616K, 93% used [0x00000000e0000000,0x00000000ea0c7e80,0x00000000eab80000)
  from space 20992K, 0% used [0x00000000ec780000,0x00000000ec780000,0x00000000edc00000)
  to   space 28672K, 0% used [0x00000000eab80000,0x00000000eab80000,0x00000000ec780000)
 ParOldGen       total 83968K, used 57424K [0x00000000a0000000, 0x00000000a5200000, 0x00000000e0000000)
  object space 83968K, 68% used [0x00000000a0000000,0x00000000a3814200,0x00000000a5200000)
 Metaspace       used 60205K, capacity 61998K, committed 62296K, reserved 1103872K
  class space    used 8033K, capacity 8476K, committed 8576K, reserved 1048576K
GC Heap History (10 events):
Event: 6.902 GC heap before
{Heap before GC invocations=11 (full 2):
 PSYoungGen      total 134656K, used 123392K [0x00000000e0000000, 0x00000000eb980000, 0x0000000100000000)
  eden space 123392K, 100% used [0x00000000e0000000,0x00000000e7880000,0x00000000e7880000)
  from space 11264K, 0% used [0x00000000e8480000,0x00000000e8480000,0x00000000e8f80000)
  to   space 12288K, 0% used [0x00000000e7880000,0x00000000e7880000,0x00000000e8480000)
 ParOldGen       total 83968K, used 16183K [0x00000000a0000000, 0x00000000a5200000, 0x00000000e0000000)
  object space 83968K, 19% used [0x00000000a0000000,0x00000000a0fcdde8,0x00000000a5200000)
 Metaspace       used 40518K, capacity 41402K, committed 41688K, reserved 1085440K
  class space    used 5553K, capacity 5854K, committed 5888K, reserved 1048576K
Event: 6.918 GC heap after
Heap after GC invocations=11 (full 2):
 PSYoungGen      total 135680K, used 12258K [0x00000000e0000000, 0x00000000eb280000, 0x0000000100000000)
  eden space 123392K, 0% used [0x00000000e0000000,0x00000000e0000000,0x00000000e7880000)
  from space 12288K, 99% used [0x00000000e7880000,0x00000000e84788c8,0x00000000e8480000)
  to   space 13824K, 0% used [0x00000000ea500000,0x00000000ea500000,0x00000000eb280000)
 ParOldGen       total 83968K, used 17125K [0x00000000a0000000, 0x00000000a5200000, 0x00000000e0000000)
  object space 83968K, 20% used [0x00000000a0000000,0x00000000a10b9620,0x00000000a5200000)
 Metaspace       used 40518K, capacity 41402K, committed 41688K, reserved 1085440K
  class space    used 5553K, capacity 5854K, committed 5888K, reserved 1048576K
}
Event: 8.774 GC heap before
{Heap before GC invocations=12 (full 2):
 PSYoungGen      total 135680K, used 135650K [0x00000000e0000000, 0x00000000eb280000, 0x0000000100000000)
  eden space 123392K, 100% used [0x00000000e0000000,0x00000000e7880000,0x00000000e7880000)
  from space 12288K, 99% used [0x00000000e7880000,0x00000000e84788c8,0x00000000e8480000)
  to   space 13824K, 0% used [0x00000000ea500000,0x00000000ea500000,0x00000000eb280000)
 ParOldGen       total 83968K, used 17125K [0x00000000a0000000, 0x00000000a5200000, 0x00000000e0000000)
  object space 83968K, 20% used [0x00000000a0000000,0x00000000a10b9620,0x00000000a5200000)
 Metaspace       used 51806K, capacity 53376K, committed 53592K, reserved 1095680K
  class space    used 7155K, capacity 7533K, committed 7552K, reserved 1048576K
Event: 8.808 GC heap after
Heap after GC invocations=12 (full 2):
 PSYoungGen      total 163840K, used 13797K [0x00000000e0000000, 0x00000000ebc80000, 0x0000000100000000)
  eden space 150016K, 0% used [0x00000000e0000000,0x00000000e0000000,0x00000000e9280000)
  from space 13824K, 99% used [0x00000000ea500000,0x00000000eb2794f0,0x00000000eb280000)
  to   space 18944K, 0% used [0x00000000e9280000,0x00000000e9280000,0x00000000ea500000)
 ParOldGen       total 83968K, used 26028K [0x00000000a0000000, 0x00000000a5200000, 0x00000000e0000000)
  object space 83968K, 30% used [0x00000000a0000000,0x00000000a196b310,0x00000000a5200000)
 Metaspace       used 51806K, capacity 53376K, committed 53592K, reserved 1095680K
  class space    used 7155K, capacity 7533K, committed 7552K, reserved 1048576K
}
Event: 19.861 GC heap before
{Heap before GC invocations=13 (full 2):
 PSYoungGen      total 163840K, used 163813K [0x00000000e0000000, 0x00000000ebc80000, 0x0000000100000000)
  eden space 150016K, 100% used [0x00000000e0000000,0x00000000e9280000,0x00000000e9280000)
  from space 13824K, 99% used [0x00000000ea500000,0x00000000eb2794f0,0x00000000eb280000)
  to   space 18944K, 0% used [0x00000000e9280000,0x00000000e9280000,0x00000000ea500000)
 ParOldGen       total 83968K, used 26028K [0x00000000a0000000, 0x00000000a5200000, 0x00000000e0000000)
  object space 83968K, 30% used [0x00000000a0000000,0x00000000a196b310,0x00000000a5200000)
 Metaspace       used 55789K, capacity 57578K, committed 57688K, reserved 1099776K
  class space    used 7604K, capacity 8040K, committed 8064K, reserved 1048576K
Event: 19.894 GC heap after
Heap after GC invocations=13 (full 2):
 PSYoungGen      total 168960K, used 17457K [0x00000000e0000000, 0x00000000edc00000, 0x0000000100000000)
  eden space 150016K, 0% used [0x00000000e0000000,0x00000000e0000000,0x00000000e9280000)
  from space 18944K, 92% used [0x00000000e9280000,0x00000000ea38c540,0x00000000ea500000)
  to   space 20992K, 0% used [0x00000000ec780000,0x00000000ec780000,0x00000000edc00000)
 ParOldGen       total 83968K, used 33304K [0x00000000a0000000, 0x00000000a5200000, 0x00000000e0000000)
  object space 83968K, 39% used [0x00000000a0000000,0x00000000a20861e8,0x00000000a5200000)
 Metaspace       used 55789K, capacity 57578K, committed 57688K, reserved 1099776K
  class space    used 7604K, capacity 8040K, committed 8064K, reserved 1048576K
}
Event: 21.004 GC heap before
{Heap before GC invocations=14 (full 2):
 PSYoungGen      total 168960K, used 122415K [0x00000000e0000000, 0x00000000edc00000, 0x0000000100000000)
  eden space 150016K, 69% used [0x00000000e0000000,0x00000000e667f9a0,0x00000000e9280000)
  from space 18944K, 92% used [0x00000000e9280000,0x00000000ea38c540,0x00000000ea500000)
  to   space 20992K, 0% used [0x00000000ec780000,0x00000000ec780000,0x00000000edc00000)
 ParOldGen       total 83968K, used 33304K [0x00000000a0000000, 0x00000000a5200000, 0x00000000e0000000)
  object space 83968K, 39% used [0x00000000a0000000,0x00000000a20861e8,0x00000000a5200000)
 Metaspace       used 57260K, capacity 58974K, committed 59028K, reserved 1099776K
  class space    used 7746K, capacity 8188K, committed 8192K, reserved 1048576K
Event: 21.044 GC heap after
Heap after GC invocations=14 (full 2):
 PSYoungGen      total 196608K, used 20983K [0x00000000e0000000, 0x00000000ef180000, 0x0000000100000000)
  eden space 175616K, 0% used [0x00000000e0000000,0x00000000e0000000,0x00000000eab80000)
  from space 20992K, 99% used [0x00000000ec780000,0x00000000edbfdd00,0x00000000edc00000)
  to   space 28672K, 0% used [0x00000000eab80000,0x00000000eab80000,0x00000000ec780000)
 ParOldGen       total 83968K, used 46033K [0x00000000a0000000, 0x00000000a5200000, 0x00000000e0000000)
  object space 83968K, 54% used [0x00000000a0000000,0x00000000a2cf4558,0x00000000a5200000)
 Metaspace       used 57260K, capacity 58974K, committed 59028K, reserved 1099776K
  class space    used 7746K, capacity 8188K, committed 8192K, reserved 1048576K
}
Event: 21.044 GC heap before
{Heap before GC invocations=15 (full 3):
 PSYoungGen      total 196608K, used 20983K [0x00000000e0000000, 0x00000000ef180000, 0x0000000100000000)
  eden space 175616K, 0% used [0x00000000e0000000,0x00000000e0000000,0x00000000eab80000)
  from space 20992K, 99% used [0x00000000ec780000,0x00000000edbfdd00,0x00000000edc00000)
  to   space 28672K, 0% used [0x00000000eab80000,0x00000000eab80000,0x00000000ec780000)
 ParOldGen       total 83968K, used 46033K [0x00000000a0000000, 0x00000000a5200000, 0x00000000e0000000)
  object space 83968K, 54% used [0x00000000a0000000,0x00000000a2cf4558,0x00000000a5200000)
 Metaspace       used 57260K, capacity 58974K, committed 59028K, reserved 1099776K
  class space    used 7746K, capacity 8188K, committed 8192K, reserved 1048576K
Event: 21.376 GC heap after
Heap after GC invocations=15 (full 3):
 PSYoungGen      total 196608K, used 0K [0x00000000e0000000, 0x00000000ef180000, 0x0000000100000000)
  eden space 175616K, 0% used [0x00000000e0000000,0x00000000e0000000,0x00000000eab80000)
  from space 20992K, 0% used [0x00000000ec780000,0x00000000ec780000,0x00000000edc00000)
  to   space 28672K, 0% used [0x00000000eab80000,0x00000000eab80000,0x00000000ec780000)
 ParOldGen       total 83968K, used 57424K [0x00000000a0000000, 0x00000000a5200000, 0x00000000e0000000)
  object space 83968K, 68% used [0x00000000a0000000,0x00000000a3814200,0x00000000a5200000)
 Metaspace       used 57260K, capacity 58974K, committed 59028K, reserved 1099776K
  class space    used 7746K, capacity 8188K, committed 8192K, reserved 1048576K
}

