# JRE version: OpenJDK Runtime Environment (8.0_152-b02) (build 1.8.0_152-release-1024-b02)
# Java VM: OpenJDK 64-Bit Server VM (25.152-b02 mixed mode windows-amd64 compressed oops)
Heap:
 PSYoungGen      total 248320K, used 166293K [0x00000000e0000000, 0x00000000f1d80000, 0x0000000100000000)
  eden space 230400K, 68% used [0x00000000e0000000,0x00000000e9accba8,0x00000000ee100000)
  from space 17920K, 43% used [0x00000000ef000000,0x00000000ef798868,0x00000000f0180000)
  to   space 15360K, 0% used [0x00000000ee100000,0x00000000ee100000,0x00000000ef000000)
 ParOldGen       total 134144K, used 40784K [0x00000000a0000000, 0x00000000a8300000, 0x00000000e0000000)
  object space 134144K, 30% used [0x00000000a0000000,0x00000000a27d4038,0x00000000a8300000)
 Metaspace       used 67223K, capacity 70222K, committed 70488K, reserved 1110016K
  class space    used 8959K, capacity 9557K, committed 9600K, reserved 1048576K
GC Heap History (10 events):
Event: 25.491 GC heap before
{Heap before GC invocations=27 (full 3):
 PSYoungGen      total 245760K, used 233740K [0x00000000e0000000, 0x00000000f0180000, 0x0000000100000000)
  eden space 228352K, 100% used [0x00000000e0000000,0x00000000edf00000,0x00000000edf00000)
  from space 17408K, 30% used [0x00000000edf00000,0x00000000ee443170,0x00000000ef000000)
  to   space 17920K, 0% used [0x00000000ef000000,0x00000000ef000000,0x00000000f0180000)
 ParOldGen       total 134144K, used 40680K [0x00000000a0000000, 0x00000000a8300000, 0x00000000e0000000)
  object space 134144K, 30% used [0x00000000a0000000,0x00000000a27ba038,0x00000000a8300000)
 Metaspace       used 67130K, capacity 70152K, committed 70232K, reserved 1110016K
  class space    used 8958K, capacity 9556K, committed 9600K, reserved 1048576K
Event: 25.502 GC heap after
Heap after GC invocations=27 (full 3):
 PSYoungGen      total 246272K, used 6678K [0x00000000e0000000, 0x00000000f0180000, 0x0000000100000000)
  eden space 228352K, 0% used [0x00000000e0000000,0x00000000e0000000,0x00000000edf00000)
  from space 17920K, 37% used [0x00000000ef000000,0x00000000ef6859f8,0x00000000f0180000)
  to   space 17408K, 0% used [0x00000000edf00000,0x00000000edf00000,0x00000000ef000000)
 ParOldGen       total 134144K, used 40704K [0x00000000a0000000, 0x00000000a8300000, 0x00000000e0000000)
  object space 134144K, 30% used [0x00000000a0000000,0x00000000a27c0038,0x00000000a8300000)
 Metaspace       used 67130K, capacity 70152K, committed 70232K, reserved 1110016K
  class space    used 8958K, capacity 9556K, committed 9600K, reserved 1048576K
}
Event: 26.055 GC heap before
{Heap before GC invocations=28 (full 3):
 PSYoungGen      total 246272K, used 235030K [0x00000000e0000000, 0x00000000f0180000, 0x0000000100000000)
  eden space 228352K, 100% used [0x00000000e0000000,0x00000000edf00000,0x00000000edf00000)
  from space 17920K, 37% used [0x00000000ef000000,0x00000000ef6859f8,0x00000000f0180000)
  to   space 17408K, 0% used [0x00000000edf00000,0x00000000edf00000,0x00000000ef000000)
 ParOldGen       total 134144K, used 40704K [0x00000000a0000000, 0x00000000a8300000, 0x00000000e0000000)
  object space 134144K, 30% used [0x00000000a0000000,0x00000000a27c0038,0x00000000a8300000)
 Metaspace       used 67170K, capacity 70222K, committed 70488K, reserved 1110016K
  class space    used 8959K, capacity 9557K, committed 9600K, reserved 1048576K
Event: 26.064 GC heap after
Heap after GC invocations=28 (full 3):
 PSYoungGen      total 245760K, used 3841K [0x00000000e0000000, 0x00000000f0180000, 0x0000000100000000)
  eden space 228352K, 0% used [0x00000000e0000000,0x00000000e0000000,0x00000000edf00000)
  from space 17408K, 22% used [0x00000000edf00000,0x00000000ee2c05a8,0x00000000ef000000)
  to   space 17920K, 0% used [0x00000000ef000000,0x00000000ef000000,0x00000000f0180000)
 ParOldGen       total 134144K, used 40736K [0x00000000a0000000, 0x00000000a8300000, 0x00000000e0000000)
  object space 134144K, 30% used [0x00000000a0000000,0x00000000a27c8038,0x00000000a8300000)
 Metaspace       used 67170K, capacity 70222K, committed 70488K, reserved 1110016K
  class space    used 8959K, capacity 9557K, committed 9600K, reserved 1048576K
}
Event: 26.556 GC heap before
{Heap before GC invocations=29 (full 3):
 PSYoungGen      total 245760K, used 232193K [0x00000000e0000000, 0x00000000f0180000, 0x0000000100000000)
  eden space 228352K, 100% used [0x00000000e0000000,0x00000000edf00000,0x00000000edf00000)
  from space 17408K, 22% used [0x00000000edf00000,0x00000000ee2c05a8,0x00000000ef000000)
  to   space 17920K, 0% used [0x00000000ef000000,0x00000000ef000000,0x00000000f0180000)
 ParOldGen       total 134144K, used 40736K [0x00000000a0000000, 0x00000000a8300000, 0x00000000e0000000)
  object space 134144K, 30% used [0x00000000a0000000,0x00000000a27c8038,0x00000000a8300000)
 Metaspace       used 67180K, capacity 70222K, committed 70488K, reserved 1110016K
  class space    used 8959K, capacity 9557K, committed 9600K, reserved 1048576K
Event: 26.569 GC heap after
Heap after GC invocations=29 (full 3):
 PSYoungGen      total 246272K, used 6842K [0x00000000e0000000, 0x00000000f0180000, 0x0000000100000000)
  eden space 228352K, 0% used [0x00000000e0000000,0x00000000e0000000,0x00000000edf00000)
  from space 17920K, 38% used [0x00000000ef000000,0x00000000ef6ae948,0x00000000f0180000)
  to   space 17408K, 0% used [0x00000000edf00000,0x00000000edf00000,0x00000000ef000000)
 ParOldGen       total 134144K, used 40736K [0x00000000a0000000, 0x00000000a8300000, 0x00000000e0000000)
  object space 134144K, 30% used [0x00000000a0000000,0x00000000a27c8038,0x00000000a8300000)
 Metaspace       used 67180K, capacity 70222K, committed 70488K, reserved 1110016K
  class space    used 8959K, capacity 9557K, committed 9600K, reserved 1048576K
}
Event: 27.108 GC heap before
{Heap before GC invocations=30 (full 3):
 PSYoungGen      total 246272K, used 235194K [0x00000000e0000000, 0x00000000f0180000, 0x0000000100000000)
  eden space 228352K, 100% used [0x00000000e0000000,0x00000000edf00000,0x00000000edf00000)
  from space 17920K, 38% used [0x00000000ef000000,0x00000000ef6ae948,0x00000000f0180000)
  to   space 17408K, 0% used [0x00000000edf00000,0x00000000edf00000,0x00000000ef000000)
 ParOldGen       total 134144K, used 40736K [0x00000000a0000000, 0x00000000a8300000, 0x00000000e0000000)
  object space 134144K, 30% used [0x00000000a0000000,0x00000000a27c8038,0x00000000a8300000)
 Metaspace       used 67194K, capacity 70222K, committed 70488K, reserved 1110016K
  class space    used 8959K, capacity 9557K, committed 9600K, reserved 1048576K
Event: 27.123 GC heap after
Heap after GC invocations=30 (full 3):
 PSYoungGen      total 245760K, used 9882K [0x00000000e0000000, 0x00000000f0180000, 0x0000000100000000)
  eden space 228352K, 0% used [0x00000000e0000000,0x00000000e0000000,0x00000000edf00000)
  from space 17408K, 56% used [0x00000000edf00000,0x00000000ee8a6a88,0x00000000ef000000)
  to   space 17920K, 0% used [0x00000000ef000000,0x00000000ef000000,0x00000000f0180000)
 ParOldGen       total 134144K, used 40760K [0x00000000a0000000, 0x00000000a8300000, 0x00000000e0000000)
  object space 134144K, 30% used [0x00000000a0000000,0x00000000a27ce038,0x00000000a8300000)
 Metaspace       used 67194K, capacity 70222K, committed 70488K, reserved 1110016K
  class space    used 8959K, capacity 9557K, committed 9600K, reserved 1048576K
}
Event: 27.612 GC heap before
{Heap before GC invocations=31 (full 3):
 PSYoungGen      total 245760K, used 238234K [0x00000000e0000000, 0x00000000f0180000, 0x0000000100000000)
  eden space 228352K, 100% used [0x00000000e0000000,0x00000000edf00000,0x00000000edf00000)
  from space 17408K, 56% used [0x00000000edf00000,0x00000000ee8a6a88,0x00000000ef000000)
  to   space 17920K, 0% used [0x00000000ef000000,0x00000000ef000000,0x00000000f0180000)
 ParOldGen       total 134144K, used 40760K [0x00000000a0000000, 0x00000000a8300000, 0x00000000e0000000)
  object space 134144K, 30% used [0x00000000a0000000,0x00000000a27ce038,0x00000000a8300000)
 Metaspace       used 67209K, capacity 70222K, committed 70488K, reserved 1110016K
  class space    used 8959K, capacity 9557K, committed 9600K, reserved 1048576K
Event: 27.623 GC heap after
Heap after GC invocations=31 (full 3):
 PSYoungGen      total 248320K, used 7778K [0x00000000e0000000, 0x00000000f1d80000, 0x0000000100000000)
  eden space 230400K, 0% used [0x00000000e0000000,0x00000000e0000000,0x00000000ee100000)
  from space 17920K, 43% used [0x00000000ef000000,0x00000000ef798868,0x00000000f0180000)
  to   space 15360K, 0% used [0x00000000ee100000,0x00000000ee100000,0x00000000ef000000)
 ParOldGen       total 134144K, used 40784K [0x00000000a0000000, 0x00000000a8300000, 0x00000000e0000000)
  object space 134144K, 30% used [0x00000000a0000000,0x00000000a27d4038,0x00000000a8300000)
 Metaspace       used 67209K, capacity 70222K, committed 70488K, reserved 1110016K
  class space    used 8959K, capacity 9557K, committed 9600K, reserved 1048576K
}

