# JRE version: OpenJDK Runtime Environment (8.0_152-b02) (build 1.8.0_152-release-1024-b02)
# Java VM: OpenJDK 64-Bit Server VM (25.152-b02 mixed mode windows-amd64 compressed oops)
Heap:
 PSYoungGen      total 240640K, used 180203K [0x00000000e0000000, 0x00000000f1000000, 0x0000000100000000)
  eden space 202752K, 81% used [0x00000000e0000000,0x00000000ea07f7d0,0x00000000ec600000)
  from space 37888K, 41% used [0x00000000ec600000,0x00000000ed57b7b0,0x00000000eeb00000)
  to   space 35328K, 0% used [0x00000000eed80000,0x00000000eed80000,0x00000000f1000000)
 ParOldGen       total 82944K, used 52796K [0x00000000a0000000, 0x00000000a5100000, 0x00000000e0000000)
  object space 82944K, 63% used [0x00000000a0000000,0x00000000a338f3f0,0x00000000a5100000)
 Metaspace       used 80926K, capacity 84570K, committed 84696K, reserved 1122304K
  class space    used 10447K, capacity 11201K, committed 11264K, reserved 1048576K
GC Heap History (10 events):
Event: 140.602 GC heap before
{Heap before GC invocations=20 (full 5):
 PSYoungGen      total 214016K, used 186605K [0x00000000e0000000, 0x00000000eeb80000, 0x0000000100000000)
  eden space 186880K, 99% used [0x00000000e0000000,0x00000000eb63b6f0,0x00000000eb680000)
  from space 27136K, 0% used [0x00000000eb680000,0x00000000eb680000,0x00000000ed100000)
  to   space 19456K, 0% used [0x00000000ed880000,0x00000000ed880000,0x00000000eeb80000)
 ParOldGen       total 82944K, used 75010K [0x00000000a0000000, 0x00000000a5100000, 0x00000000e0000000)
  object space 82944K, 90% used [0x00000000a0000000,0x00000000a49408f0,0x00000000a5100000)
 Metaspace       used 71148K, capacity 73668K, committed 73688K, reserved 1114112K
  class space    used 9158K, capacity 9724K, committed 9728K, reserved 1048576K
Event: 140.779 GC heap after
Heap after GC invocations=20 (full 5):
 PSYoungGen      total 214016K, used 0K [0x00000000e0000000, 0x00000000eeb80000, 0x0000000100000000)
  eden space 186880K, 0% used [0x00000000e0000000,0x00000000e0000000,0x00000000eb680000)
  from space 27136K, 0% used [0x00000000eb680000,0x00000000eb680000,0x00000000ed100000)
  to   space 19456K, 0% used [0x00000000ed880000,0x00000000ed880000,0x00000000eeb80000)
 ParOldGen       total 82944K, used 52764K [0x00000000a0000000, 0x00000000a5100000, 0x00000000e0000000)
  object space 82944K, 63% used [0x00000000a0000000,0x00000000a33873f0,0x00000000a5100000)
 Metaspace       used 70886K, capacity 73364K, committed 73688K, reserved 1114112K
  class space    used 9136K, capacity 9684K, committed 9728K, reserved 1048576K
}
Event: 140.814 GC heap before
{Heap before GC invocations=21 (full 5):
 PSYoungGen      total 214016K, used 185894K [0x00000000e0000000, 0x00000000eeb80000, 0x0000000100000000)
  eden space 186880K, 99% used [0x00000000e0000000,0x00000000eb589ba0,0x00000000eb680000)
  from space 27136K, 0% used [0x00000000eb680000,0x00000000eb680000,0x00000000ed100000)
  to   space 19456K, 0% used [0x00000000ed880000,0x00000000ed880000,0x00000000eeb80000)
 ParOldGen       total 82944K, used 52764K [0x00000000a0000000, 0x00000000a5100000, 0x00000000e0000000)
  object space 82944K, 63% used [0x00000000a0000000,0x00000000a33873f0,0x00000000a5100000)
 Metaspace       used 70892K, capacity 73364K, committed 73688K, reserved 1114112K
  class space    used 9136K, capacity 9684K, committed 9728K, reserved 1048576K
Event: 140.816 GC heap after
Heap after GC invocations=21 (full 5):
 PSYoungGen      total 206336K, used 160K [0x00000000e0000000, 0x00000000eeb80000, 0x0000000100000000)
  eden space 186880K, 0% used [0x00000000e0000000,0x00000000e0000000,0x00000000eb680000)
  from space 19456K, 0% used [0x00000000ed880000,0x00000000ed8a8000,0x00000000eeb80000)
  to   space 27136K, 0% used [0x00000000eb680000,0x00000000eb680000,0x00000000ed100000)
 ParOldGen       total 82944K, used 52772K [0x00000000a0000000, 0x00000000a5100000, 0x00000000e0000000)
  object space 82944K, 63% used [0x00000000a0000000,0x00000000a33893f0,0x00000000a5100000)
 Metaspace       used 70892K, capacity 73364K, committed 73688K, reserved 1114112K
  class space    used 9136K, capacity 9684K, committed 9728K, reserved 1048576K
}
Event: 144.396 GC heap before
{Heap before GC invocations=22 (full 5):
 PSYoungGen      total 206336K, used 187040K [0x00000000e0000000, 0x00000000eeb80000, 0x0000000100000000)
  eden space 186880K, 100% used [0x00000000e0000000,0x00000000eb680000,0x00000000eb680000)
  from space 19456K, 0% used [0x00000000ed880000,0x00000000ed8a8000,0x00000000eeb80000)
  to   space 27136K, 0% used [0x00000000eb680000,0x00000000eb680000,0x00000000ed100000)
 ParOldGen       total 82944K, used 52772K [0x00000000a0000000, 0x00000000a5100000, 0x00000000e0000000)
  object space 82944K, 63% used [0x00000000a0000000,0x00000000a33893f0,0x00000000a5100000)
 Metaspace       used 71462K, capacity 74048K, committed 74328K, reserved 1114112K
  class space    used 9228K, capacity 9798K, committed 9856K, reserved 1048576K
Event: 144.406 GC heap after
Heap after GC invocations=22 (full 5):
 PSYoungGen      total 214016K, used 6129K [0x00000000e0000000, 0x00000000f1300000, 0x0000000100000000)
  eden space 186880K, 0% used [0x00000000e0000000,0x00000000e0000000,0x00000000eb680000)
  from space 27136K, 22% used [0x00000000eb680000,0x00000000ebc7c740,0x00000000ed100000)
  to   space 38400K, 0% used [0x00000000eed80000,0x00000000eed80000,0x00000000f1300000)
 ParOldGen       total 82944K, used 52780K [0x00000000a0000000, 0x00000000a5100000, 0x00000000e0000000)
  object space 82944K, 63% used [0x00000000a0000000,0x00000000a338b3f0,0x00000000a5100000)
 Metaspace       used 71462K, capacity 74048K, committed 74328K, reserved 1114112K
  class space    used 9228K, capacity 9798K, committed 9856K, reserved 1048576K
}
Event: 146.292 GC heap before
{Heap before GC invocations=23 (full 5):
 PSYoungGen      total 214016K, used 192823K [0x00000000e0000000, 0x00000000f1300000, 0x0000000100000000)
  eden space 186880K, 99% used [0x00000000e0000000,0x00000000eb6514c0,0x00000000eb680000)
  from space 27136K, 22% used [0x00000000eb680000,0x00000000ebc7c740,0x00000000ed100000)
  to   space 38400K, 0% used [0x00000000eed80000,0x00000000eed80000,0x00000000f1300000)
 ParOldGen       total 82944K, used 52780K [0x00000000a0000000, 0x00000000a5100000, 0x00000000e0000000)
  object space 82944K, 63% used [0x00000000a0000000,0x00000000a338b3f0,0x00000000a5100000)
 Metaspace       used 71692K, capacity 74268K, committed 74328K, reserved 1114112K
  class space    used 9255K, capacity 9830K, committed 9856K, reserved 1048576K
Event: 146.298 GC heap after
Heap after GC invocations=23 (full 5):
 PSYoungGen      total 238080K, used 3330K [0x00000000e0000000, 0x00000000f1000000, 0x0000000100000000)
  eden space 202752K, 0% used [0x00000000e0000000,0x00000000e0000000,0x00000000ec600000)
  from space 35328K, 9% used [0x00000000eed80000,0x00000000ef0c0850,0x00000000f1000000)
  to   space 37888K, 0% used [0x00000000ec600000,0x00000000ec600000,0x00000000eeb00000)
 ParOldGen       total 82944K, used 52788K [0x00000000a0000000, 0x00000000a5100000, 0x00000000e0000000)
  object space 82944K, 63% used [0x00000000a0000000,0x00000000a338d3f0,0x00000000a5100000)
 Metaspace       used 71692K, capacity 74268K, committed 74328K, reserved 1114112K
  class space    used 9255K, capacity 9830K, committed 9856K, reserved 1048576K
}
Event: 153.843 GC heap before
{Heap before GC invocations=24 (full 5):
 PSYoungGen      total 238080K, used 206082K [0x00000000e0000000, 0x00000000f1000000, 0x0000000100000000)
  eden space 202752K, 100% used [0x00000000e0000000,0x00000000ec600000,0x00000000ec600000)
  from space 35328K, 9% used [0x00000000eed80000,0x00000000ef0c0850,0x00000000f1000000)
  to   space 37888K, 0% used [0x00000000ec600000,0x00000000ec600000,0x00000000eeb00000)
 ParOldGen       total 82944K, used 52788K [0x00000000a0000000, 0x00000000a5100000, 0x00000000e0000000)
  object space 82944K, 63% used [0x00000000a0000000,0x00000000a338d3f0,0x00000000a5100000)
 Metaspace       used 79464K, capacity 82828K, committed 82904K, reserved 1122304K
  class space    used 10280K, capacity 10988K, committed 11008K, reserved 1048576K
Event: 153.862 GC heap after
Heap after GC invocations=24 (full 5):
 PSYoungGen      total 240640K, used 15853K [0x00000000e0000000, 0x00000000f1000000, 0x0000000100000000)
  eden space 202752K, 0% used [0x00000000e0000000,0x00000000e0000000,0x00000000ec600000)
  from space 37888K, 41% used [0x00000000ec600000,0x00000000ed57b7b0,0x00000000eeb00000)
  to   space 35328K, 0% used [0x00000000eed80000,0x00000000eed80000,0x00000000f1000000)
 ParOldGen       total 82944K, used 52796K [0x00000000a0000000, 0x00000000a5100000, 0x00000000e0000000)
  object space 82944K, 63% used [0x00000000a0000000,0x00000000a338f3f0,0x00000000a5100000)
 Metaspace       used 79464K, capacity 82828K, committed 82904K, reserved 1122304K
  class space    used 10280K, capacity 10988K, committed 11008K, reserved 1048576K
}

