# JRE version: OpenJDK Runtime Environment (8.0_152-b02) (build 1.8.0_152-release-1024-b02)
# Java VM: OpenJDK 64-Bit Server VM (25.152-b02 mixed mode windows-amd64 compressed oops)
Heap:
 PSYoungGen      total 141312K, used 70780K [0x00000000e0000000, 0x00000000ebd00000, 0x0000000100000000)
  eden space 128000K, 44% used [0x00000000e0000000,0x00000000e3822d18,0x00000000e7d00000)
  from space 13312K, 99% used [0x00000000e7d00000,0x00000000e89fc390,0x00000000e8a00000)
  to   space 15360K, 0% used [0x00000000eae00000,0x00000000eae00000,0x00000000ebd00000)
 ParOldGen       total 83456K, used 18386K [0x00000000a0000000, 0x00000000a5180000, 0x00000000e0000000)
  object space 83456K, 22% used [0x00000000a0000000,0x00000000a11f49b8,0x00000000a5180000)
 Metaspace       used 48072K, capacity 49326K, committed 49496K, reserved 1091584K
  class space    used 6575K, capacity 6941K, committed 7000K, reserved 1048576K
GC Heap History (10 events):
Event: 4.268 GC heap before
{Heap before GC invocations=7 (full 1):
 PSYoungGen      total 58368K, used 54272K [0x00000000e0000000, 0x00000000e7f00000, 0x0000000100000000)
  eden space 54272K, 100% used [0x00000000e0000000,0x00000000e3500000,0x00000000e3500000)
  from space 4096K, 0% used [0x00000000e3500000,0x00000000e3500000,0x00000000e3900000)
  to   space 10752K, 0% used [0x00000000e7480000,0x00000000e7480000,0x00000000e7f00000)
 ParOldGen       total 54784K, used 9732K [0x00000000a0000000, 0x00000000a3580000, 0x00000000e0000000)
  object space 54784K, 17% used [0x00000000a0000000,0x00000000a0981058,0x00000000a3580000)
 Metaspace       used 25271K, capacity 25778K, committed 25984K, reserved 1071104K
  class space    used 3523K, capacity 3692K, committed 3712K, reserved 1048576K
Event: 4.277 GC heap after
Heap after GC invocations=7 (full 1):
 PSYoungGen      total 90112K, used 5496K [0x00000000e0000000, 0x00000000e7a00000, 0x0000000100000000)
  eden space 84480K, 0% used [0x00000000e0000000,0x00000000e0000000,0x00000000e5280000)
  from space 5632K, 97% used [0x00000000e7480000,0x00000000e79de270,0x00000000e7a00000)
  to   space 10240K, 0% used [0x00000000e6600000,0x00000000e6600000,0x00000000e7000000)
 ParOldGen       total 54784K, used 9740K [0x00000000a0000000, 0x00000000a3580000, 0x00000000e0000000)
  object space 54784K, 17% used [0x00000000a0000000,0x00000000a0983058,0x00000000a3580000)
 Metaspace       used 25271K, capacity 25778K, committed 25984K, reserved 1071104K
  class space    used 3523K, capacity 3692K, committed 3712K, reserved 1048576K
}
Event: 5.817 GC heap before
{Heap before GC invocations=8 (full 1):
 PSYoungGen      total 90112K, used 89976K [0x00000000e0000000, 0x00000000e7a00000, 0x0000000100000000)
  eden space 84480K, 100% used [0x00000000e0000000,0x00000000e5280000,0x00000000e5280000)
  from space 5632K, 97% used [0x00000000e7480000,0x00000000e79de270,0x00000000e7a00000)
  to   space 10240K, 0% used [0x00000000e6600000,0x00000000e6600000,0x00000000e7000000)
 ParOldGen       total 54784K, used 9740K [0x00000000a0000000, 0x00000000a3580000, 0x00000000e0000000)
  object space 54784K, 17% used [0x00000000a0000000,0x00000000a0983058,0x00000000a3580000)
 Metaspace       used 30560K, capacity 31258K, committed 31488K, reserved 1077248K
  class space    used 4291K, capacity 4487K, committed 4608K, reserved 1048576K
Event: 5.832 GC heap after
Heap after GC invocations=8 (full 1):
 PSYoungGen      total 114688K, used 10227K [0x00000000e0000000, 0x00000000e9600000, 0x0000000100000000)
  eden space 104448K, 0% used [0x00000000e0000000,0x00000000e0000000,0x00000000e6600000)
  from space 10240K, 99% used [0x00000000e6600000,0x00000000e6ffcfa0,0x00000000e7000000)
  to   space 12288K, 0% used [0x00000000e8a00000,0x00000000e8a00000,0x00000000e9600000)
 ParOldGen       total 54784K, used 10765K [0x00000000a0000000, 0x00000000a3580000, 0x00000000e0000000)
  object space 54784K, 19% used [0x00000000a0000000,0x00000000a0a83588,0x00000000a3580000)
 Metaspace       used 30560K, capacity 31258K, committed 31488K, reserved 1077248K
  class space    used 4291K, capacity 4487K, committed 4608K, reserved 1048576K
}
Event: 7.493 GC heap before
{Heap before GC invocations=9 (full 1):
 PSYoungGen      total 114688K, used 39924K [0x00000000e0000000, 0x00000000e9600000, 0x0000000100000000)
  eden space 104448K, 28% used [0x00000000e0000000,0x00000000e1d002e0,0x00000000e6600000)
  from space 10240K, 99% used [0x00000000e6600000,0x00000000e6ffcfa0,0x00000000e7000000)
  to   space 12288K, 0% used [0x00000000e8a00000,0x00000000e8a00000,0x00000000e9600000)
 ParOldGen       total 54784K, used 10765K [0x00000000a0000000, 0x00000000a3580000, 0x00000000e0000000)
  object space 54784K, 19% used [0x00000000a0000000,0x00000000a0a83588,0x00000000a3580000)
 Metaspace       used 34391K, capacity 35272K, committed 35416K, reserved 1079296K
  class space    used 4819K, capacity 5127K, committed 5208K, reserved 1048576K
Event: 7.511 GC heap after
Heap after GC invocations=9 (full 1):
 PSYoungGen      total 140288K, used 11056K [0x00000000e0000000, 0x00000000eb380000, 0x0000000100000000)
  eden space 128000K, 0% used [0x00000000e0000000,0x00000000e0000000,0x00000000e7d00000)
  from space 12288K, 89% used [0x00000000e8a00000,0x00000000e94cc238,0x00000000e9600000)
  to   space 13312K, 0% used [0x00000000e7d00000,0x00000000e7d00000,0x00000000e8a00000)
 ParOldGen       total 54784K, used 10773K [0x00000000a0000000, 0x00000000a3580000, 0x00000000e0000000)
  object space 54784K, 19% used [0x00000000a0000000,0x00000000a0a85588,0x00000000a3580000)
 Metaspace       used 34391K, capacity 35272K, committed 35416K, reserved 1079296K
  class space    used 4819K, capacity 5127K, committed 5208K, reserved 1048576K
}
Event: 7.511 GC heap before
{Heap before GC invocations=10 (full 2):
 PSYoungGen      total 140288K, used 11056K [0x00000000e0000000, 0x00000000eb380000, 0x0000000100000000)
  eden space 128000K, 0% used [0x00000000e0000000,0x00000000e0000000,0x00000000e7d00000)
  from space 12288K, 89% used [0x00000000e8a00000,0x00000000e94cc238,0x00000000e9600000)
  to   space 13312K, 0% used [0x00000000e7d00000,0x00000000e7d00000,0x00000000e8a00000)
 ParOldGen       total 54784K, used 10773K [0x00000000a0000000, 0x00000000a3580000, 0x00000000e0000000)
  object space 54784K, 19% used [0x00000000a0000000,0x00000000a0a85588,0x00000000a3580000)
 Metaspace       used 34391K, capacity 35272K, committed 35416K, reserved 1079296K
  class space    used 4819K, capacity 5127K, committed 5208K, reserved 1048576K
Event: 7.592 GC heap after
Heap after GC invocations=10 (full 2):
 PSYoungGen      total 140288K, used 0K [0x00000000e0000000, 0x00000000eb380000, 0x0000000100000000)
  eden space 128000K, 0% used [0x00000000e0000000,0x00000000e0000000,0x00000000e7d00000)
  from space 12288K, 0% used [0x00000000e8a00000,0x00000000e8a00000,0x00000000e9600000)
  to   space 13312K, 0% used [0x00000000e7d00000,0x00000000e7d00000,0x00000000e8a00000)
 ParOldGen       total 83456K, used 17440K [0x00000000a0000000, 0x00000000a5180000, 0x00000000e0000000)
  object space 83456K, 20% used [0x00000000a0000000,0x00000000a1108128,0x00000000a5180000)
 Metaspace       used 34391K, capacity 35272K, committed 35416K, reserved 1079296K
  class space    used 4819K, capacity 5127K, committed 5208K, reserved 1048576K
}
Event: 9.410 GC heap before
{Heap before GC invocations=11 (full 2):
 PSYoungGen      total 140288K, used 128000K [0x00000000e0000000, 0x00000000eb380000, 0x0000000100000000)
  eden space 128000K, 100% used [0x00000000e0000000,0x00000000e7d00000,0x00000000e7d00000)
  from space 12288K, 0% used [0x00000000e8a00000,0x00000000e8a00000,0x00000000e9600000)
  to   space 13312K, 0% used [0x00000000e7d00000,0x00000000e7d00000,0x00000000e8a00000)
 ParOldGen       total 83456K, used 17440K [0x00000000a0000000, 0x00000000a5180000, 0x00000000e0000000)
  object space 83456K, 20% used [0x00000000a0000000,0x00000000a1108128,0x00000000a5180000)
 Metaspace       used 41568K, capacity 42740K, committed 42968K, reserved 1085440K
  class space    used 5717K, capacity 6095K, committed 6104K, reserved 1048576K
Event: 9.437 GC heap after
Heap after GC invocations=11 (full 2):
 PSYoungGen      total 141312K, used 13296K [0x00000000e0000000, 0x00000000ebd00000, 0x0000000100000000)
  eden space 128000K, 0% used [0x00000000e0000000,0x00000000e0000000,0x00000000e7d00000)
  from space 13312K, 99% used [0x00000000e7d00000,0x00000000e89fc390,0x00000000e8a00000)
  to   space 15360K, 0% used [0x00000000eae00000,0x00000000eae00000,0x00000000ebd00000)
 ParOldGen       total 83456K, used 18386K [0x00000000a0000000, 0x00000000a5180000, 0x00000000e0000000)
  object space 83456K, 22% used [0x00000000a0000000,0x00000000a11f49b8,0x00000000a5180000)
 Metaspace       used 41568K, capacity 42740K, committed 42968K, reserved 1085440K
  class space    used 5717K, capacity 6095K, committed 6104K, reserved 1048576K
}

