# JRE version: OpenJDK Runtime Environment (8.0_152-b02) (build 1.8.0_152-release-1024-b02)
# Java VM: OpenJDK 64-Bit Server VM (25.152-b02 mixed mode windows-amd64 compressed oops)
Heap:
 PSYoungGen      total 171520K, used 84077K [0x00000000e0000000, 0x00000000ec480000, 0x0000000100000000)
  eden space 155136K, 45% used [0x00000000e0000000,0x00000000e4457328,0x00000000e9780000)
  from space 16384K, 86% used [0x00000000eac00000,0x00000000eb9c42f8,0x00000000ebc00000)
  to   space 20992K, 0% used [0x00000000e9780000,0x00000000e9780000,0x00000000eac00000)
 ParOldGen       total 84992K, used 37095K [0x00000000a0000000, 0x00000000a5300000, 0x00000000e0000000)
  object space 84992K, 43% used [0x00000000a0000000,0x00000000a2439fd8,0x00000000a5300000)
 Metaspace       used 62078K, capacity 64380K, committed 64532K, reserved 1105920K
  class space    used 8363K, capacity 8963K, committed 8980K, reserved 1048576K
GC Heap History (10 events):
Event: 8.362 GC heap before
{Heap before GC invocations=11 (full 2):
 PSYoungGen      total 139776K, used 126464K [0x00000000e0000000, 0x00000000ebb80000, 0x0000000100000000)
  eden space 126464K, 100% used [0x00000000e0000000,0x00000000e7b80000,0x00000000e7b80000)
  from space 13312K, 0% used [0x00000000e8980000,0x00000000e8980000,0x00000000e9680000)
  to   space 14336K, 0% used [0x00000000e7b80000,0x00000000e7b80000,0x00000000e8980000)
 ParOldGen       total 84992K, used 17809K [0x00000000a0000000, 0x00000000a5300000, 0x00000000e0000000)
  object space 84992K, 20% used [0x00000000a0000000,0x00000000a11647f8,0x00000000a5300000)
 Metaspace       used 44234K, capacity 45470K, committed 45568K, reserved 1089536K
  class space    used 5955K, capacity 6360K, committed 6400K, reserved 1048576K
Event: 8.383 GC heap after
Heap after GC invocations=11 (full 2):
 PSYoungGen      total 140800K, used 14329K [0x00000000e0000000, 0x00000000ebc00000, 0x0000000100000000)
  eden space 126464K, 0% used [0x00000000e0000000,0x00000000e0000000,0x00000000e7b80000)
  from space 14336K, 99% used [0x00000000e7b80000,0x00000000e897e458,0x00000000e8980000)
  to   space 16384K, 0% used [0x00000000eac00000,0x00000000eac00000,0x00000000ebc00000)
 ParOldGen       total 84992K, used 18396K [0x00000000a0000000, 0x00000000a5300000, 0x00000000e0000000)
  object space 84992K, 21% used [0x00000000a0000000,0x00000000a11f7020,0x00000000a5300000)
 Metaspace       used 44234K, capacity 45470K, committed 45568K, reserved 1089536K
  class space    used 5955K, capacity 6360K, committed 6400K, reserved 1048576K
}
Event: 10.217 GC heap before
{Heap before GC invocations=12 (full 2):
 PSYoungGen      total 140800K, used 140793K [0x00000000e0000000, 0x00000000ebc00000, 0x0000000100000000)
  eden space 126464K, 100% used [0x00000000e0000000,0x00000000e7b80000,0x00000000e7b80000)
  from space 14336K, 99% used [0x00000000e7b80000,0x00000000e897e458,0x00000000e8980000)
  to   space 16384K, 0% used [0x00000000eac00000,0x00000000eac00000,0x00000000ebc00000)
 ParOldGen       total 84992K, used 18396K [0x00000000a0000000, 0x00000000a5300000, 0x00000000e0000000)
  object space 84992K, 21% used [0x00000000a0000000,0x00000000a11f7020,0x00000000a5300000)
 Metaspace       used 55297K, capacity 57194K, committed 57216K, reserved 1097728K
  class space    used 7537K, capacity 8048K, committed 8064K, reserved 1048576K
Event: 10.245 GC heap after
Heap after GC invocations=12 (full 2):
 PSYoungGen      total 171520K, used 16381K [0x00000000e0000000, 0x00000000ec480000, 0x0000000100000000)
  eden space 155136K, 0% used [0x00000000e0000000,0x00000000e0000000,0x00000000e9780000)
  from space 16384K, 99% used [0x00000000eac00000,0x00000000ebbff520,0x00000000ebc00000)
  to   space 20992K, 0% used [0x00000000e9780000,0x00000000e9780000,0x00000000eac00000)
 ParOldGen       total 84992K, used 24276K [0x00000000a0000000, 0x00000000a5300000, 0x00000000e0000000)
  object space 84992K, 28% used [0x00000000a0000000,0x00000000a17b5118,0x00000000a5300000)
 Metaspace       used 55297K, capacity 57194K, committed 57216K, reserved 1097728K
  class space    used 7537K, capacity 8048K, committed 8064K, reserved 1048576K
}
Event: 10.863 GC heap before
{Heap before GC invocations=13 (full 2):
 PSYoungGen      total 171520K, used 67390K [0x00000000e0000000, 0x00000000ec480000, 0x0000000100000000)
  eden space 155136K, 32% used [0x00000000e0000000,0x00000000e31d0678,0x00000000e9780000)
  from space 16384K, 99% used [0x00000000eac00000,0x00000000ebbff520,0x00000000ebc00000)
  to   space 20992K, 0% used [0x00000000e9780000,0x00000000e9780000,0x00000000eac00000)
 ParOldGen       total 84992K, used 24276K [0x00000000a0000000, 0x00000000a5300000, 0x00000000e0000000)
  object space 84992K, 28% used [0x00000000a0000000,0x00000000a17b5118,0x00000000a5300000)
 Metaspace       used 56992K, capacity 59002K, committed 59028K, reserved 1099776K
  class space    used 7848K, capacity 8329K, committed 8340K, reserved 1048576K
Event: 10.902 GC heap after
Heap after GC invocations=13 (full 2):
 PSYoungGen      total 176128K, used 5120K [0x00000000e0000000, 0x00000000ec480000, 0x0000000100000000)
  eden space 155136K, 0% used [0x00000000e0000000,0x00000000e0000000,0x00000000e9780000)
  from space 20992K, 24% used [0x00000000e9780000,0x00000000e9c80000,0x00000000eac00000)
  to   space 16384K, 0% used [0x00000000eac00000,0x00000000eac00000,0x00000000ebc00000)
 ParOldGen       total 84992K, used 40571K [0x00000000a0000000, 0x00000000a5300000, 0x00000000e0000000)
  object space 84992K, 47% used [0x00000000a0000000,0x00000000a279ee18,0x00000000a5300000)
 Metaspace       used 56992K, capacity 59002K, committed 59028K, reserved 1099776K
  class space    used 7848K, capacity 8329K, committed 8340K, reserved 1048576K
}
Event: 10.902 GC heap before
{Heap before GC invocations=14 (full 3):
 PSYoungGen      total 176128K, used 5120K [0x00000000e0000000, 0x00000000ec480000, 0x0000000100000000)
  eden space 155136K, 0% used [0x00000000e0000000,0x00000000e0000000,0x00000000e9780000)
  from space 20992K, 24% used [0x00000000e9780000,0x00000000e9c80000,0x00000000eac00000)
  to   space 16384K, 0% used [0x00000000eac00000,0x00000000eac00000,0x00000000ebc00000)
 ParOldGen       total 84992K, used 40571K [0x00000000a0000000, 0x00000000a5300000, 0x00000000e0000000)
  object space 84992K, 47% used [0x00000000a0000000,0x00000000a279ee18,0x00000000a5300000)
 Metaspace       used 56992K, capacity 59002K, committed 59028K, reserved 1099776K
  class space    used 7848K, capacity 8329K, committed 8340K, reserved 1048576K
Event: 11.250 GC heap after
Heap after GC invocations=14 (full 3):
 PSYoungGen      total 176128K, used 0K [0x00000000e0000000, 0x00000000ec480000, 0x0000000100000000)
  eden space 155136K, 0% used [0x00000000e0000000,0x00000000e0000000,0x00000000e9780000)
  from space 20992K, 0% used [0x00000000e9780000,0x00000000e9780000,0x00000000eac00000)
  to   space 16384K, 0% used [0x00000000eac00000,0x00000000eac00000,0x00000000ebc00000)
 ParOldGen       total 84992K, used 37087K [0x00000000a0000000, 0x00000000a5300000, 0x00000000e0000000)
  object space 84992K, 43% used [0x00000000a0000000,0x00000000a2437fd8,0x00000000a5300000)
 Metaspace       used 56992K, capacity 59002K, committed 59028K, reserved 1099776K
  class space    used 7848K, capacity 8329K, committed 8340K, reserved 1048576K
}
Event: 13.606 GC heap before
{Heap before GC invocations=15 (full 3):
 PSYoungGen      total 176128K, used 155136K [0x00000000e0000000, 0x00000000ec480000, 0x0000000100000000)
  eden space 155136K, 100% used [0x00000000e0000000,0x00000000e9780000,0x00000000e9780000)
  from space 20992K, 0% used [0x00000000e9780000,0x00000000e9780000,0x00000000eac00000)
  to   space 16384K, 0% used [0x00000000eac00000,0x00000000eac00000,0x00000000ebc00000)
 ParOldGen       total 84992K, used 37087K [0x00000000a0000000, 0x00000000a5300000, 0x00000000e0000000)
  object space 84992K, 43% used [0x00000000a0000000,0x00000000a2437fd8,0x00000000a5300000)
 Metaspace       used 59690K, capacity 61712K, committed 61972K, reserved 1101824K
  class space    used 8156K, capacity 8709K, committed 8724K, reserved 1048576K
Event: 13.634 GC heap after
Heap after GC invocations=15 (full 3):
 PSYoungGen      total 171520K, used 14096K [0x00000000e0000000, 0x00000000ec480000, 0x0000000100000000)
  eden space 155136K, 0% used [0x00000000e0000000,0x00000000e0000000,0x00000000e9780000)
  from space 16384K, 86% used [0x00000000eac00000,0x00000000eb9c42f8,0x00000000ebc00000)
  to   space 20992K, 0% used [0x00000000e9780000,0x00000000e9780000,0x00000000eac00000)
 ParOldGen       total 84992K, used 37095K [0x00000000a0000000, 0x00000000a5300000, 0x00000000e0000000)
  object space 84992K, 43% used [0x00000000a0000000,0x00000000a2439fd8,0x00000000a5300000)
 Metaspace       used 59690K, capacity 61712K, committed 61972K, reserved 1101824K
  class space    used 8156K, capacity 8709K, committed 8724K, reserved 1048576K
}

