# JRE version: OpenJDK Runtime Environment (8.0_152-b02) (build 1.8.0_152-release-1024-b02)
# Java VM: OpenJDK 64-Bit Server VM (25.152-b02 mixed mode windows-amd64 compressed oops)
Heap:
 PSYoungGen      total 310784K, used 168778K [0x00000000e0000000, 0x00000000faa80000, 0x0000000100000000)
  eden space 265728K, 62% used [0x00000000e0000000,0x00000000ea144fe8,0x00000000f0380000)
  from space 45056K, 8% used [0x00000000f0380000,0x00000000f070d860,0x00000000f2f80000)
  to   space 45056K, 0% used [0x00000000f7e80000,0x00000000f7e80000,0x00000000faa80000)
 ParOldGen       total 141824K, used 87464K [0x00000000a0000000, 0x00000000a8a80000, 0x00000000e0000000)
  object space 141824K, 61% used [0x00000000a0000000,0x00000000a556a3c0,0x00000000a8a80000)
 Metaspace       used 70707K, capacity 73672K, committed 73856K, reserved 1114112K
  class space    used 9405K, capacity 10053K, committed 10112K, reserved 1048576K
GC Heap History (10 events):
Event: 35.582 GC heap before
{Heap before GC invocations=16 (full 3):
 PSYoungGen      total 185344K, used 163328K [0x00000000e0000000, 0x00000000ed280000, 0x0000000100000000)
  eden space 163328K, 100% used [0x00000000e0000000,0x00000000e9f80000,0x00000000e9f80000)
  from space 22016K, 0% used [0x00000000eb780000,0x00000000eb780000,0x00000000ecd00000)
  to   space 24576K, 0% used [0x00000000e9f80000,0x00000000e9f80000,0x00000000eb780000)
 ParOldGen       total 141824K, used 37707K [0x00000000a0000000, 0x00000000a8a80000, 0x00000000e0000000)
  object space 141824K, 26% used [0x00000000a0000000,0x00000000a24d2ec0,0x00000000a8a80000)
 Metaspace       used 62590K, capacity 64558K, committed 64768K, reserved 1105920K
  class space    used 8432K, capacity 8946K, committed 8960K, reserved 1048576K
Event: 35.629 GC heap after
Heap after GC invocations=16 (full 3):
 PSYoungGen      total 187904K, used 24550K [0x00000000e0000000, 0x00000000ef300000, 0x0000000100000000)
  eden space 163328K, 0% used [0x00000000e0000000,0x00000000e0000000,0x00000000e9f80000)
  from space 24576K, 99% used [0x00000000e9f80000,0x00000000eb779898,0x00000000eb780000)
  to   space 29696K, 0% used [0x00000000ed600000,0x00000000ed600000,0x00000000ef300000)
 ParOldGen       total 141824K, used 41654K [0x00000000a0000000, 0x00000000a8a80000, 0x00000000e0000000)
  object space 141824K, 29% used [0x00000000a0000000,0x00000000a28ada08,0x00000000a8a80000)
 Metaspace       used 62590K, capacity 64558K, committed 64768K, reserved 1105920K
  class space    used 8432K, capacity 8946K, committed 8960K, reserved 1048576K
}
Event: 39.584 GC heap before
{Heap before GC invocations=17 (full 3):
 PSYoungGen      total 187904K, used 187570K [0x00000000e0000000, 0x00000000ef300000, 0x0000000100000000)
  eden space 163328K, 99% used [0x00000000e0000000,0x00000000e9f33030,0x00000000e9f80000)
  from space 24576K, 99% used [0x00000000e9f80000,0x00000000eb779898,0x00000000eb780000)
  to   space 29696K, 0% used [0x00000000ed600000,0x00000000ed600000,0x00000000ef300000)
 ParOldGen       total 141824K, used 41654K [0x00000000a0000000, 0x00000000a8a80000, 0x00000000e0000000)
  object space 141824K, 29% used [0x00000000a0000000,0x00000000a28ada08,0x00000000a8a80000)
 Metaspace       used 65330K, capacity 67598K, committed 67712K, reserved 1107968K
  class space    used 8723K, capacity 9282K, committed 9344K, reserved 1048576K
Event: 39.661 GC heap after
Heap after GC invocations=17 (full 3):
 PSYoungGen      total 208896K, used 29693K [0x00000000e0000000, 0x00000000f0c00000, 0x0000000100000000)
  eden space 179200K, 0% used [0x00000000e0000000,0x00000000e0000000,0x00000000eaf00000)
  from space 29696K, 99% used [0x00000000ed600000,0x00000000ef2ff7a0,0x00000000ef300000)
  to   space 39936K, 0% used [0x00000000eaf00000,0x00000000eaf00000,0x00000000ed600000)
 ParOldGen       total 141824K, used 57740K [0x00000000a0000000, 0x00000000a8a80000, 0x00000000e0000000)
  object space 141824K, 40% used [0x00000000a0000000,0x00000000a3863160,0x00000000a8a80000)
 Metaspace       used 65330K, capacity 67598K, committed 67712K, reserved 1107968K
  class space    used 8723K, capacity 9282K, committed 9344K, reserved 1048576K
}
Event: 39.697 GC heap before
{Heap before GC invocations=18 (full 3):
 PSYoungGen      total 208896K, used 208129K [0x00000000e0000000, 0x00000000f0c00000, 0x0000000100000000)
  eden space 179200K, 99% used [0x00000000e0000000,0x00000000eae40da0,0x00000000eaf00000)
  from space 29696K, 99% used [0x00000000ed600000,0x00000000ef2ff7a0,0x00000000ef300000)
  to   space 39936K, 0% used [0x00000000eaf00000,0x00000000eaf00000,0x00000000ed600000)
 ParOldGen       total 141824K, used 57740K [0x00000000a0000000, 0x00000000a8a80000, 0x00000000e0000000)
  object space 141824K, 40% used [0x00000000a0000000,0x00000000a3863160,0x00000000a8a80000)
 Metaspace       used 65336K, capacity 67598K, committed 67712K, reserved 1107968K
  class space    used 8723K, capacity 9282K, committed 9344K, reserved 1048576K
Event: 39.736 GC heap after
Heap after GC invocations=18 (full 3):
 PSYoungGen      total 219136K, used 29776K [0x00000000e0000000, 0x00000000f5a80000, 0x0000000100000000)
  eden space 179200K, 0% used [0x00000000e0000000,0x00000000e0000000,0x00000000eaf00000)
  from space 39936K, 74% used [0x00000000eaf00000,0x00000000ecc14000,0x00000000ed600000)
  to   space 42496K, 0% used [0x00000000f3100000,0x00000000f3100000,0x00000000f5a80000)
 ParOldGen       total 141824K, used 57748K [0x00000000a0000000, 0x00000000a8a80000, 0x00000000e0000000)
  object space 141824K, 40% used [0x00000000a0000000,0x00000000a3865160,0x00000000a8a80000)
 Metaspace       used 65336K, capacity 67598K, committed 67712K, reserved 1107968K
  class space    used 8723K, capacity 9282K, committed 9344K, reserved 1048576K
}
Event: 43.794 GC heap before
{Heap before GC invocations=19 (full 3):
 PSYoungGen      total 219136K, used 208976K [0x00000000e0000000, 0x00000000f5a80000, 0x0000000100000000)
  eden space 179200K, 100% used [0x00000000e0000000,0x00000000eaf00000,0x00000000eaf00000)
  from space 39936K, 74% used [0x00000000eaf00000,0x00000000ecc14000,0x00000000ed600000)
  to   space 42496K, 0% used [0x00000000f3100000,0x00000000f3100000,0x00000000f5a80000)
 ParOldGen       total 141824K, used 57748K [0x00000000a0000000, 0x00000000a8a80000, 0x00000000e0000000)
  object space 141824K, 40% used [0x00000000a0000000,0x00000000a3865160,0x00000000a8a80000)
 Metaspace       used 65751K, capacity 68052K, committed 68224K, reserved 1107968K
  class space    used 8784K, capacity 9337K, committed 9344K, reserved 1048576K
Event: 43.837 GC heap after
Heap after GC invocations=19 (full 3):
 PSYoungGen      total 308224K, used 31177K [0x00000000e0000000, 0x00000000f5b80000, 0x0000000100000000)
  eden space 265728K, 0% used [0x00000000e0000000,0x00000000e0000000,0x00000000f0380000)
  from space 42496K, 73% used [0x00000000f3100000,0x00000000f4f72720,0x00000000f5a80000)
  to   space 45056K, 0% used [0x00000000f0380000,0x00000000f0380000,0x00000000f2f80000)
 ParOldGen       total 141824K, used 57756K [0x00000000a0000000, 0x00000000a8a80000, 0x00000000e0000000)
  object space 141824K, 40% used [0x00000000a0000000,0x00000000a3867160,0x00000000a8a80000)
 Metaspace       used 65751K, capacity 68052K, committed 68224K, reserved 1107968K
  class space    used 8784K, capacity 9337K, committed 9344K, reserved 1048576K
}
Event: 48.918 GC heap before
{Heap before GC invocations=20 (full 3):
 PSYoungGen      total 308224K, used 295942K [0x00000000e0000000, 0x00000000f5b80000, 0x0000000100000000)
  eden space 265728K, 99% used [0x00000000e0000000,0x00000000f028f228,0x00000000f0380000)
  from space 42496K, 73% used [0x00000000f3100000,0x00000000f4f72720,0x00000000f5a80000)
  to   space 45056K, 0% used [0x00000000f0380000,0x00000000f0380000,0x00000000f2f80000)
 ParOldGen       total 141824K, used 57756K [0x00000000a0000000, 0x00000000a8a80000, 0x00000000e0000000)
  object space 141824K, 40% used [0x00000000a0000000,0x00000000a3867160,0x00000000a8a80000)
 Metaspace       used 66232K, capacity 68718K, committed 68864K, reserved 1107968K
  class space    used 8848K, capacity 9432K, committed 9472K, reserved 1048576K
Event: 48.973 GC heap after
Heap after GC invocations=20 (full 3):
 PSYoungGen      total 310784K, used 3638K [0x00000000e0000000, 0x00000000faa80000, 0x0000000100000000)
  eden space 265728K, 0% used [0x00000000e0000000,0x00000000e0000000,0x00000000f0380000)
  from space 45056K, 8% used [0x00000000f0380000,0x00000000f070d860,0x00000000f2f80000)
  to   space 45056K, 0% used [0x00000000f7e80000,0x00000000f7e80000,0x00000000faa80000)
 ParOldGen       total 141824K, used 87464K [0x00000000a0000000, 0x00000000a8a80000, 0x00000000e0000000)
  object space 141824K, 61% used [0x00000000a0000000,0x00000000a556a3c0,0x00000000a8a80000)
 Metaspace       used 66232K, capacity 68718K, committed 68864K, reserved 1107968K
  class space    used 8848K, capacity 9432K, committed 9472K, reserved 1048576K
}

